Copyright 1986-2022 Xilinx, Inc. All Rights Reserved. Copyright 2022-2025 Advanced Micro Devices, Inc. All Rights Reserved.
---------------------------------------------------------------------------------------------------------------------------------------------
| Tool Version : Vivado v.2025.1 (win64) Build 6140274 Thu May 22 00:12:29 MDT 2025
| Date         : Tue Jul 15 21:25:46 2025
| Host         : DESKTOP-JP2R5GF running 64-bit major release  (build 9200)
| Command      : report_utilization -file sys_top_v2nfc_0_2_utilization_synth.rpt -pb sys_top_v2nfc_0_2_utilization_synth.pb
| Design       : sys_top_v2nfc_0_2
| Device       : xczu17eg-ffvc1760-2-e
| Speed File   : -2
| Design State : Synthesized
---------------------------------------------------------------------------------------------------------------------------------------------

Utilization Design Information

Table of Contents
-----------------
1. CLB Logic
1.1 Summary of Registers by Type
2. BLOCKRAM
3. ARITHMETIC
4. I/O
5. CLOCK
6. ADVANCED
7. CONFIGURATION
8. Primitives
9. Black Boxes
10. Instantiated Netlists

1. CLB Logic
------------

+----------------------------+------+-------+------------+-----------+-------+
|          Site Type         | Used | Fixed | Prohibited | Available | Util% |
+----------------------------+------+-------+------------+-----------+-------+
| CLB LUTs*                  | 1770 |     0 |          0 |    423403 |  0.42 |
|   LUT as Logic             | 1736 |     0 |          0 |    423403 |  0.41 |
|   LUT as Memory            |   34 |     0 |          0 |    161280 |  0.02 |
|     LUT as Distributed RAM |   20 |     0 |            |           |       |
|     LUT as Shift Register  |   14 |     0 |            |           |       |
| CLB Registers              | 1537 |     0 |          0 |    846806 |  0.18 |
|   Register as Flip Flop    | 1537 |     0 |          0 |    846806 |  0.18 |
|   Register as Latch        |    0 |     0 |          0 |    846806 |  0.00 |
| CARRY8                     |    9 |     0 |          0 |     65340 |  0.01 |
| F7 Muxes                   |    0 |     0 |          0 |    261360 |  0.00 |
| F8 Muxes                   |    0 |     0 |          0 |    130680 |  0.00 |
| F9 Muxes                   |    0 |     0 |          0 |     65340 |  0.00 |
+----------------------------+------+-------+------------+-----------+-------+
* Warning! The Final LUT count, after physical optimizations and full implementation, is typically lower. Run opt_design after synthesis, if not already completed, for a more realistic count.
Warning! LUT value is adjusted to account for LUT combining.
Warning! For any ECO changes, please run place_design if there are unplaced instances


1.1 Summary of Registers by Type
--------------------------------

+-------+--------------+-------------+--------------+
| Total | Clock Enable | Synchronous | Asynchronous |
+-------+--------------+-------------+--------------+
| 0     |            _ |           - |            - |
| 0     |            _ |           - |          Set |
| 0     |            _ |           - |        Reset |
| 0     |            _ |         Set |            - |
| 0     |            _ |       Reset |            - |
| 0     |          Yes |           - |            - |
| 45    |          Yes |           - |          Set |
| 786   |          Yes |           - |        Reset |
| 18    |          Yes |         Set |            - |
| 688   |          Yes |       Reset |            - |
+-------+--------------+-------------+--------------+


2. BLOCKRAM
-----------

+-------------------+------+-------+------------+-----------+-------+
|     Site Type     | Used | Fixed | Prohibited | Available | Util% |
+-------------------+------+-------+------------+-----------+-------+
| Block RAM Tile    |  7.5 |     0 |          0 |       796 |  0.94 |
|   RAMB36/FIFO*    |    7 |     0 |          0 |       796 |  0.88 |
|     RAMB36E2 only |    7 |       |            |           |       |
|   RAMB18          |    1 |     0 |          0 |      1592 |  0.06 |
|     RAMB18E2 only |    1 |       |            |           |       |
| URAM              |    0 |     0 |          0 |       102 |  0.00 |
+-------------------+------+-------+------------+-----------+-------+
* Note: Each Block RAM Tile only has one FIFO logic available and therefore can accommodate only one FIFO36E2 or one FIFO18E2. However, if a FIFO18E2 occupies a Block RAM Tile, that tile can still accommodate a RAMB18E2


3. ARITHMETIC
-------------

+-----------+------+-------+------------+-----------+-------+
| Site Type | Used | Fixed | Prohibited | Available | Util% |
+-----------+------+-------+------------+-----------+-------+
| DSPs      |    0 |     0 |          0 |      1590 |  0.00 |
+-----------+------+-------+------------+-----------+-------+


4. I/O
------

+------------------+------+-------+------------+-----------+-------+
|     Site Type    | Used | Fixed | Prohibited | Available | Util% |
+------------------+------+-------+------------+-----------+-------+
| Bonded IOB       |   32 |     0 |          0 |       512 |  6.25 |
|   HPIOB_M        |    0 |     0 |          0 |       192 |  0.00 |
|   HPIOB_S        |    0 |     0 |          0 |       192 |  0.00 |
|   HDIOB_M        |    0 |     0 |          0 |        48 |  0.00 |
|   HDIOB_S        |    0 |     0 |          0 |        48 |  0.00 |
|   HPIOB_SNGL     |    0 |     0 |          0 |        32 |  0.00 |
| HPIOBDIFFINBUF   |    0 |     0 |          0 |       264 |  0.00 |
| HPIOBDIFFOUTBUF  |    0 |     0 |          0 |       264 |  0.00 |
| HDIOBDIFFINBUF   |    0 |     0 |          0 |        48 |  0.00 |
| BITSLICE_CONTROL |    0 |     0 |          0 |        88 |  0.00 |
| BITSLICE_RX_TX   |    0 |     0 |          0 |      3432 |  0.00 |
| BITSLICE_TX      |    0 |     0 |          0 |        88 |  0.00 |
| RIU_OR           |    0 |     0 |          0 |        44 |  0.00 |
+------------------+------+-------+------------+-----------+-------+


5. CLOCK
--------

+------------+------+-------+------------+-----------+-------+
|  Site Type | Used | Fixed | Prohibited | Available | Util% |
+------------+------+-------+------------+-----------+-------+
| BUFGCE     |    1 |     0 |          0 |       280 |  0.36 |
| BUFGCE_DIV |    0 |     0 |          0 |        44 |  0.00 |
| BUFG_GT    |    0 |     0 |          0 |       456 |  0.00 |
| BUFG_PS    |    0 |     0 |          0 |        72 |  0.00 |
| BUFGCTRL*  |    0 |     0 |          0 |        88 |  0.00 |
| PLL        |    0 |     0 |          0 |        22 |  0.00 |
| MMCM       |    0 |     0 |          0 |        11 |  0.00 |
+------------+------+-------+------------+-----------+-------+
* Note: Each used BUFGCTRL counts as two GLOBAL CLOCK BUFFERs. This table does not include global clocking resources, only buffer cell usage. See the Clock Utilization Report (report_clock_utilization) for detailed accounting of global clocking resource availability.


6. ADVANCED
-----------

+-----------------+------+-------+------------+-----------+-------+
|    Site Type    | Used | Fixed | Prohibited | Available | Util% |
+-----------------+------+-------+------------+-----------+-------+
| CMACE4          |    0 |     0 |          0 |         4 |  0.00 |
| GTHE4_CHANNEL   |    0 |     0 |          0 |        32 |  0.00 |
| GTHE4_COMMON    |    0 |     0 |          0 |         8 |  0.00 |
| GTYE4_CHANNEL   |    0 |     0 |          0 |        16 |  0.00 |
| GTYE4_COMMON    |    0 |     0 |          0 |         4 |  0.00 |
| ILKNE4          |    0 |     0 |          0 |         4 |  0.00 |
| OBUFDS_GTE4     |    0 |     0 |          0 |        24 |  0.00 |
| OBUFDS_GTE4_ADV |    0 |     0 |          0 |        24 |  0.00 |
| PCIE40E4        |    0 |     0 |          0 |         4 |  0.00 |
| PS8             |    0 |     0 |          0 |         1 |  0.00 |
| SYSMONE4        |    0 |     0 |          0 |         1 |  0.00 |
+-----------------+------+-------+------------+-----------+-------+


7. CONFIGURATION
----------------

+-------------+------+-------+------------+-----------+-------+
|  Site Type  | Used | Fixed | Prohibited | Available | Util% |
+-------------+------+-------+------------+-----------+-------+
| BSCANE2     |    0 |     0 |          0 |         4 |  0.00 |
| DNA_PORTE2  |    0 |     0 |          0 |         1 |  0.00 |
| EFUSE_USR   |    0 |     0 |          0 |         1 |  0.00 |
| FRAME_ECCE4 |    0 |     0 |          0 |         1 |  0.00 |
| ICAPE3      |    0 |     0 |          0 |         2 |  0.00 |
| MASTER_JTAG |    0 |     0 |          0 |         1 |  0.00 |
| STARTUPE3   |    0 |     0 |          0 |         1 |  0.00 |
+-------------+------+-------+------------+-----------+-------+


8. Primitives
-------------

+------------+------+---------------------+
|  Ref Name  | Used | Functional Category |
+------------+------+---------------------+
| LUT6       |  850 |                 CLB |
| FDCE       |  786 |            Register |
| FDRE       |  688 |            Register |
| LUT4       |  400 |                 CLB |
| LUT5       |  359 |                 CLB |
| LUT2       |  307 |                 CLB |
| LUT3       |  247 |                 CLB |
| FDPE       |   45 |            Register |
| RAMD32     |   32 |                 CLB |
| OSERDESE3  |   21 |                 I/O |
| FDSE       |   18 |            Register |
| IBUFCTRL   |   17 |              Others |
| INBUF      |   16 |                 I/O |
| LUT1       |   15 |                 CLB |
| SRL16E     |   14 |                 CLB |
| OBUF       |   14 |                 I/O |
| OBUFT      |   10 |                 I/O |
| CARRY8     |    9 |                 CLB |
| IDDRE1     |    8 |            Register |
| RAMB36E2   |    7 |            BLOCKRAM |
| RAMS32     |    4 |                 CLB |
| INV        |    2 |                 CLB |
| RAMB18E2   |    1 |            BLOCKRAM |
| IDELAYE3   |    1 |                 I/O |
| IDELAYCTRL |    1 |                 I/O |
| DIFFINBUF  |    1 |                 I/O |
| BUFGCE     |    1 |               Clock |
+------------+------+---------------------+


9. Black Boxes
--------------

+----------+------+
| Ref Name | Used |
+----------+------+


10. Instantiated Netlists
-------------------------

+----------+------+
| Ref Name | Used |
+----------+------+


